<?xml version="1.0" encoding="UTF-8"?>
<!-- Generated by org.testng.reporters.JUnitReportReporter -->
<testsuite hostname="Muhammads-MBP" failures="0" tests="1" name="tests.SearchProductUsingAutoSuggestion" time="0.004" errors="0" timestamp="2021-10-14T17:34:21 AST" skipped="0">
  <testcase classname="tests.SearchProductUsingAutoSuggestion" name="userCanSearchWithAutoSuggestion" time="0.004"/>
  <system-out/>
</testsuite> <!-- tests.SearchProductUsingAutoSuggestion -->
