<?xml version="1.0" encoding="UTF-8"?>
<!-- Generated by org.testng.reporters.JUnitReportReporter -->
<testsuite hostname="Muhammads-MBP" failures="0" tests="1" name="tests.ContactUsTest" time="1.920" errors="0" timestamp="2021-10-21T06:06:13 AST" skipped="0">
  <testcase classname="tests.ContactUsTest" name="userCanUserContactUs" time="1.920"/>
  <system-out/>
</testsuite> <!-- tests.ContactUsTest -->
