<?xml version="1.0" encoding="UTF-8"?>
<!-- Generated by org.testng.reporters.JUnitReportReporter -->
<testsuite hostname="Muhammads-MBP" failures="0" tests="2" name="runner.TestRunner" time="10.493" errors="0" timestamp="2021-10-16T02:22:58 AST" skipped="0">
  <testcase classname="runner.TestRunner" name="runScenario" time="3.895"/>
  <system-out/>
  <testcase classname="runner.TestRunner" name="runScenario" time="6.598"/>
  <system-out/>
</testsuite> <!-- runner.TestRunner -->
