<?xml version="1.0" encoding="UTF-8"?>
<!-- Generated by org.testng.reporters.JUnitReportReporter -->
<testsuite hostname="Muhammads-MBP" failures="0" tests="1" name="tests.UserRegisterationWithDDTAndPropertiesFile" time="9.209" errors="0" timestamp="2021-10-15T21:37:41 AST" skipped="0">
  <testcase classname="tests.UserRegisterationWithDDTAndPropertiesFile" name="userCanRegisterSuccessfully" time="9.209"/>
  <system-out/>
</testsuite> <!-- tests.UserRegisterationWithDDTAndPropertiesFile -->
