<?xml version="1.0" encoding="UTF-8"?>
<!-- Generated by org.testng.reporters.JUnitReportReporter -->
<testsuite hostname="Muhammads-MBP" failures="0" tests="1" name="tests.UserRegisterationWithDDTAndJSON" time="11.061" errors="0" timestamp="2021-10-15T22:49:10 AST" skipped="0">
  <testcase classname="tests.UserRegisterationWithDDTAndJSON" name="userCanRegisterSuccessfully" time="11.061"/>
  <system-out/>
</testsuite> <!-- tests.UserRegisterationWithDDTAndJSON -->
