<?xml version="1.0" encoding="UTF-8"?>
<!-- Generated by org.testng.reporters.JUnitReportReporter -->
<testsuite hostname="Muhammads-MBP" failures="0" tests="2" name="tests.UserRegisterationWithDDTAndDataProvider" time="16.916" errors="0" timestamp="2021-10-15T15:58:02 AST" skipped="0">
  <testcase classname="tests.UserRegisterationWithDDTAndDataProvider" name="userCanRegisterSuccessfully" time="10.004"/>
  <system-out/>
  <testcase classname="tests.UserRegisterationWithDDTAndDataProvider" name="userCanRegisterSuccessfully" time="6.912"/>
  <system-out/>
</testsuite> <!-- tests.UserRegisterationWithDDTAndDataProvider -->
