<?xml version="1.0" encoding="UTF-8"?>
<!-- Generated by org.testng.reporters.JUnitReportReporter -->
<testsuite hostname="Muhammads-MBP" failures="0" tests="1" name="tests.UserRegisterationWithJavaFaker" time="9.043" errors="0" timestamp="2021-10-15T23:03:26 AST" skipped="0">
  <testcase classname="tests.UserRegisterationWithJavaFaker" name="userCanRegisterSuccessfully" time="9.043"/>
  <system-out/>
</testsuite> <!-- tests.UserRegisterationWithJavaFaker -->
