<?xml version="1.0" encoding="UTF-8"?>
<!-- Generated by org.testng.reporters.JUnitReportReporter -->
<testsuite hostname="Muhammads-MBP" failures="0" tests="6" name="tests.UserRegisterationWithDDTAndExcel" time="38.711" errors="0" timestamp="2021-10-15T22:16:35 AST" skipped="0">
  <testcase classname="tests.UserRegisterationWithDDTAndExcel" name="userCanRegisterSuccessfully" time="7.811"/>
  <system-out/>
  <testcase classname="tests.UserRegisterationWithDDTAndExcel" name="userCanRegisterSuccessfully" time="6.908"/>
  <system-out/>
  <testcase classname="tests.UserRegisterationWithDDTAndExcel" name="userCanRegisterSuccessfully" time="6.228"/>
  <system-out/>
  <testcase classname="tests.UserRegisterationWithDDTAndExcel" name="userCanRegisterSuccessfully" time="5.277"/>
  <system-out/>
  <testcase classname="tests.UserRegisterationWithDDTAndExcel" name="userCanRegisterSuccessfully" time="5.418"/>
  <system-out/>
  <testcase classname="tests.UserRegisterationWithDDTAndExcel" name="userCanRegisterSuccessfully" time="7.069"/>
  <system-out/>
</testsuite> <!-- tests.UserRegisterationWithDDTAndExcel -->
