<?xml version="1.0" encoding="UTF-8"?>
<!-- Generated by org.testng.reporters.JUnitReportReporter -->
<testsuite hostname="Muhammads-MBP" failures="0" tests="1" name="tests.UserRegisterationWithJavaFaker" time="11.517" errors="0" timestamp="2021-10-21T06:06:13 AST" skipped="0">
  <testcase classname="tests.UserRegisterationWithJavaFaker" name="userCanRegisterSuccessfully" time="11.517"/>
  <system-out/>
</testsuite> <!-- tests.UserRegisterationWithJavaFaker -->
