<?xml version="1.0" encoding="UTF-8"?>
<!-- Generated by org.testng.reporters.JUnitReportReporter -->
<testsuite hostname="Muhammads-MBP" failures="0" tests="5" name="tests.RegisteredUserCheckoutProduct" time="30.248" errors="0" timestamp="2021-10-15T03:34:52 AST" skipped="0">
  <testcase classname="tests.RegisteredUserCheckoutProduct" name="userCanRegisterSuccessfully" time="3.743"/>
  <system-out/>
  <testcase classname="tests.RegisteredUserCheckoutProduct" name="userCanSearchWithAutoSuggestion" time="4.053"/>
  <system-out/>
  <testcase classname="tests.RegisteredUserCheckoutProduct" name="userCanAddProductToShoppingCart" time="2.509"/>
  <system-out/>
  <testcase classname="tests.RegisteredUserCheckoutProduct" name="userCanCheckoutProduct" time="19.046"/>
  <system-out/>
  <testcase classname="tests.RegisteredUserCheckoutProduct" name="userCanLogout" time="0.897"/>
  <system-out/>
</testsuite> <!-- tests.RegisteredUserCheckoutProduct -->
