<?xml version="1.0" encoding="UTF-8"?>
<!-- Generated by org.testng.reporters.JUnitReportReporter -->
<testsuite hostname="Muhammads-MBP" failures="0" tests="4" name="tests.EmailFriendTest" time="14.040" errors="0" timestamp="2021-10-15T03:34:52 AST" skipped="0">
  <testcase classname="tests.EmailFriendTest" name="userCanRegisterSuccessfully" time="4.736"/>
  <system-out/>
  <testcase classname="tests.EmailFriendTest" name="userCanSearchWithAutoSuggestion" time="5.254"/>
  <system-out/>
  <testcase classname="tests.EmailFriendTest" name="registerUserCanSendProductToFriend" time="1.591"/>
  <system-out/>
  <testcase classname="tests.EmailFriendTest" name="registeredUserCanLogout" time="2.459"/>
  <system-out/>
</testsuite> <!-- tests.EmailFriendTest -->
