<?xml version="1.0" encoding="UTF-8"?>
<!-- Generated by org.testng.reporters.JUnitReportReporter -->
<testsuite hostname="Muhammads-MBP" failures="0" tests="1" name="tests.ProductHoverMenuTest" time="5.302" errors="0" timestamp="2021-10-15T03:34:52 AST" skipped="0">
  <testcase classname="tests.ProductHoverMenuTest" name="userCanSelectSubCategoryFromMainMenu" time="5.302"/>
  <system-out/>
</testsuite> <!-- tests.ProductHoverMenuTest -->
